<?xml version="1.0" encoding="UTF-8"?>
<robot generator="Robot 3.0.4 (Python 3.7.1 on darwin)" generated="20181026 09:43:55.837">
<suite id="s1" name="Amazon" source="/Users/chang.zheng/github/dooTempRepo/bin/5-first-script/Tests/Amazon.robot">
<test id="s1-t1" name="User must sign in to check out">
<kw name="Open Browser" library="SeleniumLibrary">
<doc>Opens a new browser instance to the given ``url``.</doc>
<arguments>
<arg>http://www.amazon.com</arg>
<arg>firefox</arg>
</arguments>
<msg timestamp="20181026 09:43:55.956" level="INFO">Opening browser 'firefox' to base url 'http://www.amazon.com'.</msg>
<status status="PASS" starttime="20181026 09:43:55.955" endtime="20181026 09:44:03.983"></status>
</kw>
<kw name="Close Browser" library="SeleniumLibrary">
<doc>Closes the current browser.</doc>
<status status="PASS" starttime="20181026 09:44:03.986" endtime="20181026 09:44:05.408"></status>
</kw>
<doc>This is some basic info about the test</doc>
<tags>
<tag>Smoke</tag>
</tags>
<status status="PASS" starttime="20181026 09:43:55.955" endtime="20181026 09:44:05.409" critical="yes"></status>
</test>
<doc>This is some basic info about the whole suite</doc>
<status status="PASS" starttime="20181026 09:43:55.844" endtime="20181026 09:44:05.411"></status>
</suite>
<statistics>
<total>
<stat pass="1" fail="0">Critical Tests</stat>
<stat pass="1" fail="0">All Tests</stat>
</total>
<tag>
<stat pass="1" fail="0">Smoke</stat>
</tag>
<suite>
<stat pass="1" fail="0" id="s1" name="Amazon">Amazon</stat>
</suite>
</statistics>
<errors>
</errors>
</robot>
