<?xml version="1.0" encoding="UTF-8"?>
<robot generator="Robot 3.0.4 (Python 3.7.1 on darwin)" generated="20181119 16:15:33.549">
<suite id="s1" name="Byton-Home" source="/Users/chang.zheng/github/dooTempRepo/byton-website/tests/byton-home.robot">
<test id="s1-t1" name="Test &quot;Compnay&quot; page and validate page loads correctly">
<kw name="Open Web Test" library="CommonWeb" type="setup">
<kw name="Log" library="BuiltIn">
<doc>Logs the given message with the given level.</doc>
<arguments>
<arg>With ${BROWSER} open browser to ${URL}</arg>
</arguments>
<msg timestamp="20181119 16:15:33.799" level="INFO">With firefox open browser to http://www.byton.com</msg>
<status status="PASS" starttime="20181119 16:15:33.799" endtime="20181119 16:15:33.799"></status>
</kw>
<kw name="Open Browser" library="SeleniumLibrary">
<doc>Opens a new browser instance to the given ``url``.</doc>
<arguments>
<arg>about:blank</arg>
<arg>${BROWSER}</arg>
</arguments>
<msg timestamp="20181119 16:15:33.799" level="INFO">Opening browser 'firefox' to base url 'about:blank'.</msg>
<status status="PASS" starttime="20181119 16:15:33.799" endtime="20181119 16:15:37.753"></status>
</kw>
<status status="PASS" starttime="20181119 16:15:33.798" endtime="20181119 16:15:37.753"></status>
</kw>
<kw name="Log" library="BuiltIn">
<doc>Logs the given message with the given level.</doc>
<arguments>
<arg>Close test browser</arg>
</arguments>
<msg timestamp="20181119 16:15:37.754" level="INFO">Close test browser</msg>
<status status="PASS" starttime="20181119 16:15:37.754" endtime="20181119 16:15:37.754"></status>
</kw>
<kw name="Go to Landing Page" library="FrontOfficeApp">
<kw name="Navigate to" library="Landing">
<kw name="Go To" library="SeleniumLibrary">
<doc>Navigates the active browser instance to the provided ``url``.</doc>
<arguments>
<arg>${URL}</arg>
</arguments>
<msg timestamp="20181119 16:15:37.756" level="INFO">Opening url 'http://www.byton.com'</msg>
<status status="PASS" starttime="20181119 16:15:37.756" endtime="20181119 16:15:43.575"></status>
</kw>
<status status="PASS" starttime="20181119 16:15:37.755" endtime="20181119 16:15:43.576"></status>
</kw>
<status status="PASS" starttime="20181119 16:15:37.755" endtime="20181119 16:15:43.576"></status>
</kw>
<kw name="Go to &quot;Company&quot; Page" library="FrontOfficeApp">
<kw name="Click on &quot;Company&quot; Link" library="TopNav">
<kw name="Click Link" library="SeleniumLibrary">
<doc>Clicks a link identified by ``locator``.</doc>
<arguments>
<arg>Company</arg>
</arguments>
<msg timestamp="20181119 16:15:43.577" level="INFO">Clicking link 'Company'.</msg>
<status status="PASS" starttime="20181119 16:15:43.577" endtime="20181119 16:15:49.939"></status>
</kw>
<status status="PASS" starttime="20181119 16:15:43.576" endtime="20181119 16:15:49.939"></status>
</kw>
<status status="PASS" starttime="20181119 16:15:43.576" endtime="20181119 16:15:49.939"></status>
</kw>
<kw name="Validate &quot;Company&quot; Page" library="FrontOfficeApp">
<kw name="Wait Until Page Contains" library="SeleniumLibrary">
<doc>Waits until ``text`` appears on current page.</doc>
<arguments>
<arg>${COMANY_PAGE_TEXT}</arg>
</arguments>
<status status="PASS" starttime="20181119 16:15:49.940" endtime="20181119 16:15:49.969"></status>
</kw>
<status status="PASS" starttime="20181119 16:15:49.940" endtime="20181119 16:15:49.969"></status>
</kw>
<kw name="End Web Test" library="CommonWeb" type="teardown">
<kw name="Log" library="BuiltIn">
<doc>Logs the given message with the given level.</doc>
<arguments>
<arg>Closing test browser</arg>
</arguments>
<msg timestamp="20181119 16:15:49.970" level="INFO">Closing test browser</msg>
<status status="PASS" starttime="20181119 16:15:49.970" endtime="20181119 16:15:49.971"></status>
</kw>
<kw name="Close Browser" library="SeleniumLibrary">
<doc>Closes the current browser.</doc>
<status status="PASS" starttime="20181119 16:15:49.971" endtime="20181119 16:15:50.583"></status>
</kw>
<status status="PASS" starttime="20181119 16:15:49.970" endtime="20181119 16:15:50.583"></status>
</kw>
<doc>Document line for test case 1</doc>
<tags>
<tag>Smoke</tag>
</tags>
<status status="PASS" starttime="20181119 16:15:33.798" endtime="20181119 16:15:50.583" critical="yes"></status>
</test>
<test id="s1-t2" name="Test &quot;Products&quot; page and validate page loads correctly">
<kw name="Open Web Test" library="CommonWeb" type="setup">
<kw name="Log" library="BuiltIn">
<doc>Logs the given message with the given level.</doc>
<arguments>
<arg>With ${BROWSER} open browser to ${URL}</arg>
</arguments>
<msg timestamp="20181119 16:15:50.586" level="INFO">With firefox open browser to http://www.byton.com</msg>
<status status="PASS" starttime="20181119 16:15:50.586" endtime="20181119 16:15:50.586"></status>
</kw>
<kw name="Open Browser" library="SeleniumLibrary">
<doc>Opens a new browser instance to the given ``url``.</doc>
<arguments>
<arg>about:blank</arg>
<arg>${BROWSER}</arg>
</arguments>
<msg timestamp="20181119 16:15:50.587" level="INFO">Opening browser 'firefox' to base url 'about:blank'.</msg>
<status status="PASS" starttime="20181119 16:15:50.586" endtime="20181119 16:15:53.567"></status>
</kw>
<status status="PASS" starttime="20181119 16:15:50.585" endtime="20181119 16:15:53.567"></status>
</kw>
<kw name="Log" library="BuiltIn">
<doc>Logs the given message with the given level.</doc>
<arguments>
<arg>Close test browser</arg>
</arguments>
<msg timestamp="20181119 16:15:53.568" level="INFO">Close test browser</msg>
<status status="PASS" starttime="20181119 16:15:53.568" endtime="20181119 16:15:53.568"></status>
</kw>
<kw name="Go to Landing Page" library="FrontOfficeApp">
<kw name="Navigate to" library="Landing">
<kw name="Go To" library="SeleniumLibrary">
<doc>Navigates the active browser instance to the provided ``url``.</doc>
<arguments>
<arg>${URL}</arg>
</arguments>
<msg timestamp="20181119 16:15:53.570" level="INFO">Opening url 'http://www.byton.com'</msg>
<status status="PASS" starttime="20181119 16:15:53.570" endtime="20181119 16:15:59.394"></status>
</kw>
<status status="PASS" starttime="20181119 16:15:53.569" endtime="20181119 16:15:59.394"></status>
</kw>
<status status="PASS" starttime="20181119 16:15:53.569" endtime="20181119 16:15:59.394"></status>
</kw>
<kw name="Go to &quot;Products&quot; Page" library="FrontOfficeApp">
<kw name="Click on &quot;Products&quot; Link" library="TopNav">
<kw name="Click Link" library="SeleniumLibrary">
<doc>Clicks a link identified by ``locator``.</doc>
<arguments>
<arg>Company</arg>
</arguments>
<msg timestamp="20181119 16:15:59.395" level="INFO">Clicking link 'Company'.</msg>
<status status="PASS" starttime="20181119 16:15:59.395" endtime="20181119 16:16:03.868"></status>
</kw>
<status status="PASS" starttime="20181119 16:15:59.395" endtime="20181119 16:16:03.868"></status>
</kw>
<status status="PASS" starttime="20181119 16:15:59.394" endtime="20181119 16:16:03.868"></status>
</kw>
<kw name="Validate &quot;Products&quot; Page" library="FrontOfficeApp">
<kw name="Wait Until Page Contains" library="SeleniumLibrary">
<doc>Waits until ``text`` appears on current page.</doc>
<arguments>
<arg>${PRODUCTS_PAGE_TEXT}</arg>
</arguments>
<status status="PASS" starttime="20181119 16:16:03.869" endtime="20181119 16:16:03.901"></status>
</kw>
<status status="PASS" starttime="20181119 16:16:03.869" endtime="20181119 16:16:03.901"></status>
</kw>
<kw name="End Web Test" library="CommonWeb" type="teardown">
<kw name="Log" library="BuiltIn">
<doc>Logs the given message with the given level.</doc>
<arguments>
<arg>Closing test browser</arg>
</arguments>
<msg timestamp="20181119 16:16:03.902" level="INFO">Closing test browser</msg>
<status status="PASS" starttime="20181119 16:16:03.902" endtime="20181119 16:16:03.902"></status>
</kw>
<kw name="Close Browser" library="SeleniumLibrary">
<doc>Closes the current browser.</doc>
<status status="PASS" starttime="20181119 16:16:03.903" endtime="20181119 16:16:04.507"></status>
</kw>
<status status="PASS" starttime="20181119 16:16:03.901" endtime="20181119 16:16:04.507"></status>
</kw>
<doc>Document line for test case 1</doc>
<tags>
<tag>Regression</tag>
</tags>
<status status="PASS" starttime="20181119 16:15:50.585" endtime="20181119 16:16:04.507" critical="yes"></status>
</test>
<test id="s1-t3" name="Should be albe to access &quot;Byton Home&quot; page">
<kw name="Open Web Test" library="CommonWeb" type="setup">
<kw name="Log" library="BuiltIn">
<doc>Logs the given message with the given level.</doc>
<arguments>
<arg>With ${BROWSER} open browser to ${URL}</arg>
</arguments>
<msg timestamp="20181119 16:16:04.510" level="INFO">With firefox open browser to http://www.byton.com</msg>
<status status="PASS" starttime="20181119 16:16:04.509" endtime="20181119 16:16:04.510"></status>
</kw>
<kw name="Open Browser" library="SeleniumLibrary">
<doc>Opens a new browser instance to the given ``url``.</doc>
<arguments>
<arg>about:blank</arg>
<arg>${BROWSER}</arg>
</arguments>
<msg timestamp="20181119 16:16:04.510" level="INFO">Opening browser 'firefox' to base url 'about:blank'.</msg>
<status status="PASS" starttime="20181119 16:16:04.510" endtime="20181119 16:16:07.615"></status>
</kw>
<status status="PASS" starttime="20181119 16:16:04.509" endtime="20181119 16:16:07.615"></status>
</kw>
<kw name="Login to byton website as">
<arguments>
<arg>chang@bytong.com</arg>
<arg>abc123</arg>
</arguments>
<msg timestamp="20181119 16:16:07.621" level="FAIL">No keyword with name 'Login to byton website as' found.</msg>
<status status="FAIL" starttime="20181119 16:16:07.621" endtime="20181119 16:16:07.621"></status>
</kw>
<kw name="End Web Test" library="CommonWeb" type="teardown">
<kw name="Log" library="BuiltIn">
<doc>Logs the given message with the given level.</doc>
<arguments>
<arg>Closing test browser</arg>
</arguments>
<msg timestamp="20181119 16:16:07.622" level="INFO">Closing test browser</msg>
<status status="PASS" starttime="20181119 16:16:07.622" endtime="20181119 16:16:07.622"></status>
</kw>
<kw name="Close Browser" library="SeleniumLibrary">
<doc>Closes the current browser.</doc>
<status status="PASS" starttime="20181119 16:16:07.622" endtime="20181119 16:16:08.050"></status>
</kw>
<status status="PASS" starttime="20181119 16:16:07.622" endtime="20181119 16:16:08.050"></status>
</kw>
<doc>Document line for test case 1</doc>
<tags>
<tag>Regression</tag>
</tags>
<status status="FAIL" starttime="20181119 16:16:04.508" endtime="20181119 16:16:08.051" critical="yes">No keyword with name 'Login to byton website as' found.</status>
</test>
<doc>First script to open website</doc>
<status status="FAIL" starttime="20181119 16:15:33.551" endtime="20181119 16:16:08.052"></status>
</suite>
<statistics>
<total>
<stat pass="2" fail="1">Critical Tests</stat>
<stat pass="2" fail="1">All Tests</stat>
</total>
<tag>
<stat pass="1" fail="1">Regression</stat>
<stat pass="1" fail="0">Smoke</stat>
</tag>
<suite>
<stat pass="2" fail="1" id="s1" name="Byton-Home">Byton-Home</stat>
</suite>
</statistics>
<errors>
</errors>
</robot>
