<?xml version="1.0" encoding="UTF-8"?>
<robot generator="Robot 3.0.4 (Python 3.7.1 on darwin)" generated="20181026 09:36:46.940">
<suite id="s1" name="Amazon-New" source="/Users/chang.zheng/github/dooTempRepo/amazon/tests/amazon-new.robot">
<test id="s1-t1" name="User opens a web-site">
<kw name="Begin Web Test">
<kw name="Open Browser" library="SeleniumLibrary">
<doc>Opens a new browser instance to the given ``url``.</doc>
<arguments>
<arg>about:blank</arg>
<arg>firefox</arg>
</arguments>
<msg timestamp="20181026 09:36:47.123" level="INFO">Opening browser 'firefox' to base url 'about:blank'.</msg>
<status status="PASS" starttime="20181026 09:36:47.123" endtime="20181026 09:36:50.234"></status>
</kw>
<status status="PASS" starttime="20181026 09:36:47.123" endtime="20181026 09:36:50.235"></status>
</kw>
<kw name="Search for Products">
<kw name="Go To" library="SeleniumLibrary">
<doc>Navigates the active browser instance to the provided ``url``.</doc>
<arguments>
<arg>http://www.amazon.com</arg>
</arguments>
<msg timestamp="20181026 09:36:50.236" level="INFO">Opening url 'http://www.amazon.com'</msg>
<status status="PASS" starttime="20181026 09:36:50.236" endtime="20181026 09:36:53.061"></status>
</kw>
<kw name="Wait Until Page Contains" library="SeleniumLibrary">
<doc>Waits until ``text`` appears on current page.</doc>
<arguments>
<arg>Your Amazon.com</arg>
</arguments>
<status status="PASS" starttime="20181026 09:36:53.061" endtime="20181026 09:36:53.090"></status>
</kw>
<kw name="Input Text" library="SeleniumLibrary">
<doc>Types the given ``text`` into text field identified by ``locator``.</doc>
<arguments>
<arg>id=twotabsearchtextbox</arg>
<arg>Ferrari 458</arg>
</arguments>
<msg timestamp="20181026 09:36:53.091" level="INFO">Typing text 'Ferrari 458' into text field 'id=twotabsearchtextbox'.</msg>
<status status="PASS" starttime="20181026 09:36:53.091" endtime="20181026 09:36:54.121"></status>
</kw>
<kw name="Click Element" library="SeleniumLibrary">
<doc>Click element identified by ``locator``.</doc>
<arguments>
<arg>id=nav-search-submit-text</arg>
</arguments>
<msg timestamp="20181026 09:36:54.121" level="INFO">Clicking element 'id=nav-search-submit-text'.</msg>
<kw name="Capture Page Screenshot" library="SeleniumLibrary">
<doc>Takes screenshot of the current page and embeds it into log file.</doc>
<msg timestamp="20181026 09:36:54.823" level="INFO" html="yes">&lt;/td&gt;&lt;/tr&gt;&lt;tr&gt;&lt;td colspan="3"&gt;&lt;a href="selenium-screenshot-4.png"&gt;&lt;img src="selenium-screenshot-4.png" width="800px"&gt;&lt;/a&gt;</msg>
<status status="PASS" starttime="20181026 09:36:54.185" endtime="20181026 09:36:54.823"></status>
</kw>
<msg timestamp="20181026 09:36:54.845" level="FAIL">ElementClickInterceptedException: Message: Element &lt;span id="nav-search-submit-text" class="nav-search-submit-text nav-sprite"&gt; is not clickable at point (832.5,83.5) because another element &lt;input class="nav-input" type="submit"&gt; obscures it
</msg>
<status status="FAIL" starttime="20181026 09:36:54.121" endtime="20181026 09:36:54.846"></status>
</kw>
<status status="FAIL" starttime="20181026 09:36:50.235" endtime="20181026 09:36:54.846"></status>
</kw>
<doc>This is some basic info about the test</doc>
<tags>
<tag>Acceptance</tag>
<tag>Regression</tag>
<tag>Smoke</tag>
</tags>
<status status="FAIL" starttime="20181026 09:36:47.122" endtime="20181026 09:36:54.848" critical="yes">ElementClickInterceptedException: Message: Element &lt;span id="nav-search-submit-text" class="nav-search-submit-text nav-sprite"&gt; is not clickable at point (832.5,83.5) because another element &lt;input class="nav-input" type="submit"&gt; obscures it
</status>
</test>
<doc>This is basic info about the Byton test cases</doc>
<status status="FAIL" starttime="20181026 09:36:46.942" endtime="20181026 09:36:54.859"></status>
</suite>
<statistics>
<total>
<stat pass="0" fail="1">Critical Tests</stat>
<stat pass="0" fail="1">All Tests</stat>
</total>
<tag>
<stat pass="0" fail="1">Acceptance</stat>
<stat pass="0" fail="1">Regression</stat>
<stat pass="0" fail="1">Smoke</stat>
</tag>
<suite>
<stat pass="0" fail="1" id="s1" name="Amazon-New">Amazon-New</stat>
</suite>
</statistics>
<errors>
</errors>
</robot>
