<?xml version="1.0" encoding="UTF-8"?>
<robot generator="Robot 3.0.4 (Python 3.7.1 on darwin)" generated="20181026 13:42:43.543">
<suite id="s1" name="Passing-Argument" source="/Users/chang.zheng/github/dooTempRepo/amazon/tests/passing-argument.robot">
<test id="s1-t1" name="Test open browser to amazon">
<kw name="Begin Web Test">
<arguments>
<arg>http://www.byton.com</arg>
<arg>firefox</arg>
</arguments>
<kw name="Open Browser" library="SeleniumLibrary">
<doc>Opens a new browser instance to the given ``url``.</doc>
<arguments>
<arg>${url}</arg>
<arg>${browser}</arg>
</arguments>
<msg timestamp="20181026 13:42:43.738" level="INFO">Opening browser 'firefox' to base url 'http://www.byton.com'.</msg>
<status status="PASS" starttime="20181026 13:42:43.738" endtime="20181026 13:42:50.083"></status>
</kw>
<status status="PASS" starttime="20181026 13:42:43.737" endtime="20181026 13:42:50.085"></status>
</kw>
<kw name="End Web Test">
<kw name="Close Browser" library="SeleniumLibrary">
<doc>Closes the current browser.</doc>
<status status="PASS" starttime="20181026 13:42:50.091" endtime="20181026 13:42:50.729"></status>
</kw>
<status status="PASS" starttime="20181026 13:42:50.086" endtime="20181026 13:42:50.729"></status>
</kw>
<status status="PASS" starttime="20181026 13:42:43.737" endtime="20181026 13:42:50.730" critical="yes"></status>
</test>
<doc>Test scalar vaeriable</doc>
<status status="PASS" starttime="20181026 13:42:43.544" endtime="20181026 13:42:50.731"></status>
</suite>
<statistics>
<total>
<stat pass="1" fail="0">Critical Tests</stat>
<stat pass="1" fail="0">All Tests</stat>
</total>
<tag>
</tag>
<suite>
<stat pass="1" fail="0" id="s1" name="Passing-Argument">Passing-Argument</stat>
</suite>
</statistics>
<errors>
</errors>
</robot>
