<?xml version="1.0" encoding="UTF-8"?>
<robot generator="Robot 3.0.4 (Python 3.7.1 on darwin)" generated="20181101 09:33:34.576">
<suite id="s1" name="Api-Test" source="/Users/chang.zheng/github/dooTempRepo/byton-website/tests/api-test.robot">
<test id="s1-t1" name="Make a simple REST API call">
<kw name="Check Github Username" library="Github">
<kw name="Create Session" library="RequestsLibrary">
<doc>Create Session: create a HTTP session to a server</doc>
<arguments>
<arg>my_github_session</arg>
<arg>${github_api_url}</arg>
</arguments>
<msg timestamp="20181101 09:33:34.874" level="INFO">Creating Session using : alias=my_github_session, url=https://api.github.com, headers={},                     cookies=None, auth=None, timeout=None, proxies=None, verify=False,                     debug=0 </msg>
<status status="PASS" starttime="20181101 09:33:34.873" endtime="20181101 09:33:34.874"></status>
</kw>
<kw name="Get Request" library="RequestsLibrary">
<doc>Send a GET request on the session object found using the</doc>
<arguments>
<arg>my_github_session</arg>
<arg>users/robotframework</arg>
</arguments>
<assign>
<var>${response}</var>
</assign>
<msg timestamp="20181101 09:33:35.173" level="INFO">Get Request using : alias=my_github_session, uri=users/robotframework, headers=None json=None</msg>
<msg timestamp="20181101 09:33:35.173" level="INFO">/Library/Frameworks/Python.framework/Versions/3.7/lib/python3.7/site-packages/urllib3/connectionpool.py:847: InsecureRequestWarning: Unverified HTTPS request is being made. Adding certificate verification is strongly advised. See: https://urllib3.readthedocs.io/en/latest/advanced-usage.html#ssl-warnings
  InsecureRequestWarning)</msg>
<msg timestamp="20181101 09:33:35.173" level="INFO">${response} = &lt;Response [200]&gt;</msg>
<status status="PASS" starttime="20181101 09:33:34.874" endtime="20181101 09:33:35.173"></status>
</kw>
<kw name="Should Be Equal As Strings" library="BuiltIn">
<doc>Fails if objects are unequal after converting them to strings.</doc>
<arguments>
<arg>${response.status_code}</arg>
<arg>200</arg>
</arguments>
<msg timestamp="20181101 09:33:35.174" level="INFO">Argument types are:
&lt;class 'int'&gt;
&lt;type 'unicode'&gt;</msg>
<status status="PASS" starttime="20181101 09:33:35.173" endtime="20181101 09:33:35.174"></status>
</kw>
<kw name="Set Variable" library="BuiltIn">
<doc>Returns the given values which can then be assigned to a variables.</doc>
<arguments>
<arg>${response.json()}</arg>
</arguments>
<assign>
<var>${json}</var>
</assign>
<msg timestamp="20181101 09:33:35.175" level="INFO">${json} = {'login': 'robotframework', 'id': 574284, 'node_id': 'MDEyOk9yZ2FuaXphdGlvbjU3NDI4NA==', 'avatar_url': 'https://avatars0.githubusercontent.com/u/574284?v=4', 'gravatar_id': '', 'url': 'https://api.git...</msg>
<status status="PASS" starttime="20181101 09:33:35.174" endtime="20181101 09:33:35.175"></status>
</kw>
<kw name="Should Be Equal As Strings" library="BuiltIn">
<doc>Fails if objects are unequal after converting them to strings.</doc>
<arguments>
<arg>${json['login']}</arg>
<arg>robotframework</arg>
</arguments>
<status status="PASS" starttime="20181101 09:33:35.176" endtime="20181101 09:33:35.176"></status>
</kw>
<kw name="Log" library="BuiltIn">
<doc>Logs the given message with the given level.</doc>
<arguments>
<arg>${json}</arg>
</arguments>
<msg timestamp="20181101 09:33:35.177" level="INFO">{'login': 'robotframework', 'id': 574284, 'node_id': 'MDEyOk9yZ2FuaXphdGlvbjU3NDI4NA==', 'avatar_url': 'https://avatars0.githubusercontent.com/u/574284?v=4', 'gravatar_id': '', 'url': 'https://api.github.com/users/robotframework', 'html_url': 'https://github.com/robotframework', 'followers_url': 'https://api.github.com/users/robotframework/followers', 'following_url': 'https://api.github.com/users/robotframework/following{/other_user}', 'gists_url': 'https://api.github.com/users/robotframework/gists{/gist_id}', 'starred_url': 'https://api.github.com/users/robotframework/starred{/owner}{/repo}', 'subscriptions_url': 'https://api.github.com/users/robotframework/subscriptions', 'organizations_url': 'https://api.github.com/users/robotframework/orgs', 'repos_url': 'https://api.github.com/users/robotframework/repos', 'events_url': 'https://api.github.com/users/robotframework/events{/privacy}', 'received_events_url': 'https://api.github.com/users/robotframework/received_events', 'type': 'Organization', 'site_admin': False, 'name': 'Robot Framework', 'company': None, 'blog': 'http://robotframework.org', 'location': None, 'email': None, 'hireable': None, 'bio': None, 'public_repos': 36, 'public_gists': 0, 'followers': 0, 'following': 0, 'created_at': '2011-01-20T10:36:53Z', 'updated_at': '2017-11-20T22:26:16Z'}</msg>
<status status="PASS" starttime="20181101 09:33:35.176" endtime="20181101 09:33:35.177"></status>
</kw>
<status status="PASS" starttime="20181101 09:33:34.873" endtime="20181101 09:33:35.177"></status>
</kw>
<tags>
<tag>API</tag>
</tags>
<status status="PASS" starttime="20181101 09:33:34.872" endtime="20181101 09:33:35.177" critical="yes"></status>
</test>
<test id="s1-t2" name="Display emoji from Github">
<kw name="Check Github Username" library="Github">
<kw name="Create Session" library="RequestsLibrary">
<doc>Create Session: create a HTTP session to a server</doc>
<arguments>
<arg>my_github_session</arg>
<arg>${github_api_url}</arg>
</arguments>
<msg timestamp="20181101 09:33:35.180" level="INFO">Creating Session using : alias=my_github_session, url=https://api.github.com, headers={},                     cookies=None, auth=None, timeout=None, proxies=None, verify=False,                     debug=0 </msg>
<status status="PASS" starttime="20181101 09:33:35.179" endtime="20181101 09:33:35.181"></status>
</kw>
<kw name="Get Request" library="RequestsLibrary">
<doc>Send a GET request on the session object found using the</doc>
<arguments>
<arg>my_github_session</arg>
<arg>users/robotframework</arg>
</arguments>
<assign>
<var>${response}</var>
</assign>
<msg timestamp="20181101 09:33:35.392" level="INFO">Get Request using : alias=my_github_session, uri=users/robotframework, headers=None json=None</msg>
<msg timestamp="20181101 09:33:35.392" level="INFO">/Library/Frameworks/Python.framework/Versions/3.7/lib/python3.7/site-packages/urllib3/connectionpool.py:847: InsecureRequestWarning: Unverified HTTPS request is being made. Adding certificate verification is strongly advised. See: https://urllib3.readthedocs.io/en/latest/advanced-usage.html#ssl-warnings
  InsecureRequestWarning)</msg>
<msg timestamp="20181101 09:33:35.392" level="INFO">${response} = &lt;Response [200]&gt;</msg>
<status status="PASS" starttime="20181101 09:33:35.181" endtime="20181101 09:33:35.392"></status>
</kw>
<kw name="Should Be Equal As Strings" library="BuiltIn">
<doc>Fails if objects are unequal after converting them to strings.</doc>
<arguments>
<arg>${response.status_code}</arg>
<arg>200</arg>
</arguments>
<msg timestamp="20181101 09:33:35.393" level="INFO">Argument types are:
&lt;class 'int'&gt;
&lt;type 'unicode'&gt;</msg>
<status status="PASS" starttime="20181101 09:33:35.393" endtime="20181101 09:33:35.393"></status>
</kw>
<kw name="Set Variable" library="BuiltIn">
<doc>Returns the given values which can then be assigned to a variables.</doc>
<arguments>
<arg>${response.json()}</arg>
</arguments>
<assign>
<var>${json}</var>
</assign>
<msg timestamp="20181101 09:33:35.394" level="INFO">${json} = {'login': 'robotframework', 'id': 574284, 'node_id': 'MDEyOk9yZ2FuaXphdGlvbjU3NDI4NA==', 'avatar_url': 'https://avatars0.githubusercontent.com/u/574284?v=4', 'gravatar_id': '', 'url': 'https://api.git...</msg>
<status status="PASS" starttime="20181101 09:33:35.393" endtime="20181101 09:33:35.394"></status>
</kw>
<kw name="Should Be Equal As Strings" library="BuiltIn">
<doc>Fails if objects are unequal after converting them to strings.</doc>
<arguments>
<arg>${json['login']}</arg>
<arg>robotframework</arg>
</arguments>
<status status="PASS" starttime="20181101 09:33:35.394" endtime="20181101 09:33:35.395"></status>
</kw>
<kw name="Log" library="BuiltIn">
<doc>Logs the given message with the given level.</doc>
<arguments>
<arg>${json}</arg>
</arguments>
<msg timestamp="20181101 09:33:35.395" level="INFO">{'login': 'robotframework', 'id': 574284, 'node_id': 'MDEyOk9yZ2FuaXphdGlvbjU3NDI4NA==', 'avatar_url': 'https://avatars0.githubusercontent.com/u/574284?v=4', 'gravatar_id': '', 'url': 'https://api.github.com/users/robotframework', 'html_url': 'https://github.com/robotframework', 'followers_url': 'https://api.github.com/users/robotframework/followers', 'following_url': 'https://api.github.com/users/robotframework/following{/other_user}', 'gists_url': 'https://api.github.com/users/robotframework/gists{/gist_id}', 'starred_url': 'https://api.github.com/users/robotframework/starred{/owner}{/repo}', 'subscriptions_url': 'https://api.github.com/users/robotframework/subscriptions', 'organizations_url': 'https://api.github.com/users/robotframework/orgs', 'repos_url': 'https://api.github.com/users/robotframework/repos', 'events_url': 'https://api.github.com/users/robotframework/events{/privacy}', 'received_events_url': 'https://api.github.com/users/robotframework/received_events', 'type': 'Organization', 'site_admin': False, 'name': 'Robot Framework', 'company': None, 'blog': 'http://robotframework.org', 'location': None, 'email': None, 'hireable': None, 'bio': None, 'public_repos': 36, 'public_gists': 0, 'followers': 0, 'following': 0, 'created_at': '2011-01-20T10:36:53Z', 'updated_at': '2017-11-20T22:26:16Z'}</msg>
<status status="PASS" starttime="20181101 09:33:35.395" endtime="20181101 09:33:35.395"></status>
</kw>
<status status="PASS" starttime="20181101 09:33:35.179" endtime="20181101 09:33:35.395"></status>
</kw>
<tags>
<tag>API</tag>
</tags>
<status status="PASS" starttime="20181101 09:33:35.178" endtime="20181101 09:33:35.396" critical="yes"></status>
</test>
<doc>There are some API tests</doc>
<status status="PASS" starttime="20181101 09:33:34.578" endtime="20181101 09:33:35.396"></status>
</suite>
<statistics>
<total>
<stat pass="2" fail="0">Critical Tests</stat>
<stat pass="2" fail="0">All Tests</stat>
</total>
<tag>
<stat pass="2" fail="0">API</stat>
</tag>
<suite>
<stat pass="2" fail="0" id="s1" name="Api-Test">Api-Test</stat>
</suite>
</statistics>
<errors>
</errors>
</robot>
